[0m10:54:24.836947 [debug] [MainThread]: Sending event: {'category': 'dbt', 'action': 'invocation', 'label': 'start', 'context': [<snowplow_tracker.self_describing_json.SelfDescribingJson object at 0x00000292CC8F0D40>, <snowplow_tracker.self_describing_json.SelfDescribingJson object at 0x00000292CCAE3440>, <snowplow_tracker.self_describing_json.SelfDescribingJson object at 0x00000292CCD6DC40>]}


============================== 10:54:24.852574 | bec932c2-152d-4dbd-99a9-54e90a2381e0 ==============================
[0m10:54:24.852574 [info ] [MainThread]: Running with dbt=1.9.2
[0m10:54:24.852574 [debug] [MainThread]: running dbt with arguments {'printer_width': '80', 'indirect_selection': 'eager', 'write_json': 'True', 'log_cache_events': 'False', 'partial_parse': 'True', 'cache_selected_only': 'False', 'profiles_dir': 'C:\\Users\\SuryaPrakashK\\.dbt', 'version_check': 'True', 'fail_fast': 'False', 'log_path': 'logs', 'warn_error': 'None', 'debug': 'False', 'use_colors': 'True', 'use_experimental_parser': 'False', 'empty': 'None', 'quiet': 'False', 'no_print': 'None', 'warn_error_options': 'WarnErrorOptions(include=[], exclude=[])', 'introspect': 'True', 'log_format': 'default', 'invocation_command': 'dbt init', 'target_path': 'None', 'static_parser': 'True', 'send_anonymous_usage_stats': 'True'}
[0m10:54:35.264381 [debug] [MainThread]: Starter project path: C:\Users\SuryaPrakashK\AppData\Local\Programs\Python\Python312\Lib\site-packages\dbt\include\starter_project
[0m10:54:35.333277 [info ] [MainThread]: 
Your new dbt project "final_project" was created!

For more information on how to configure the profiles.yml file,
please consult the dbt documentation here:

  https://docs.getdbt.com/docs/configure-your-profile

One more thing:

Need help? Don't hesitate to reach out to us via GitHub issues or on Slack:

  https://community.getdbt.com/

Happy modeling!

[0m10:54:35.336276 [info ] [MainThread]: Setting up your profile.
[0m10:56:20.163073 [info ] [MainThread]: Profile final_project written to C:\Users\SuryaPrakashK\.dbt\profiles.yml using target's profile_template.yml and your supplied values. Run 'dbt debug' to validate the connection.
[0m10:56:20.163073 [debug] [MainThread]: Command `dbt init` succeeded at 10:56:20.163073 after 115.54 seconds
[0m10:56:20.163073 [debug] [MainThread]: Sending event: {'category': 'dbt', 'action': 'invocation', 'label': 'end', 'context': [<snowplow_tracker.self_describing_json.SelfDescribingJson object at 0x00000292CC870FB0>, <snowplow_tracker.self_describing_json.SelfDescribingJson object at 0x00000292CE0BABD0>, <snowplow_tracker.self_describing_json.SelfDescribingJson object at 0x00000292CD3175F0>]}
[0m10:56:20.163073 [debug] [MainThread]: Flushing usage events
[0m10:56:21.171472 [debug] [MainThread]: An error was encountered while trying to flush usage events
